2021-03-21 15:34:14.261  INFO 7392 --- [main] com.smart.sec.SecurityExample01App       : The following profiles are active: dev
2021-03-21 15:34:16.282  INFO 7392 --- [main] .s.d.r.c.RepositoryConfigurationDelegate : Multiple Spring Data modules found, entering strict repository configuration mode!
2021-03-21 15:34:16.286  INFO 7392 --- [main] .s.d.r.c.RepositoryConfigurationDelegate : Bootstrapping Spring Data Redis repositories in DEFAULT mode.
2021-03-21 15:34:16.349  INFO 7392 --- [main] .s.d.r.c.RepositoryConfigurationDelegate : Finished Spring Data repository scanning in 37ms. Found 0 Redis repository interfaces.
2021-03-21 15:34:16.739  INFO 7392 --- [main] o.s.cloud.context.scope.GenericScope     : BeanFactory id=a2634ea2-c69c-3802-80cc-a844c7edc35e
2021-03-21 15:34:16.937  INFO 7392 --- [main] trationDelegate$BeanPostProcessorChecker : Bean 'org.springframework.security.access.expression.method.DefaultMethodSecurityExpressionHandler@fb0a08c' of type [org.springframework.security.oauth2.provider.expression.OAuth2MethodSecurityExpressionHandler] is not eligible for getting processed by all BeanPostProcessors (for example: not eligible for auto-proxying)
2021-03-21 15:34:16.953  INFO 7392 --- [main] trationDelegate$BeanPostProcessorChecker : Bean 'methodSecurityMetadataSource' of type [org.springframework.security.access.method.DelegatingMethodSecurityMetadataSource] is not eligible for getting processed by all BeanPostProcessors (for example: not eligible for auto-proxying)
2021-03-21 15:34:17.336  INFO 7392 --- [main] o.s.b.w.embedded.tomcat.TomcatWebServer  : Tomcat initialized with port(s): 8088 (http)
2021-03-21 15:34:17.353  INFO 7392 --- [main] o.apache.catalina.core.StandardService   : Starting service [Tomcat]
2021-03-21 15:34:17.354  INFO 7392 --- [main] org.apache.catalina.core.StandardEngine  : Starting Servlet engine: [Apache Tomcat/9.0.39]
2021-03-21 15:34:17.356  INFO 7392 --- [main] o.a.catalina.core.AprLifecycleListener   : Loaded Apache Tomcat Native library [1.2.24] using APR version [1.7.0].
2021-03-21 15:34:17.357  INFO 7392 --- [main] o.a.catalina.core.AprLifecycleListener   : APR capabilities: IPv6 [true], sendfile [true], accept filters [false], random [true].
2021-03-21 15:34:17.357  INFO 7392 --- [main] o.a.catalina.core.AprLifecycleListener   : APR/OpenSSL configuration: useAprConnector [false], useOpenSSL [true]
2021-03-21 15:34:17.373  INFO 7392 --- [main] o.a.catalina.core.AprLifecycleListener   : OpenSSL successfully initialized [OpenSSL 1.1.1g  21 Apr 2020]
2021-03-21 15:34:17.587  INFO 7392 --- [main] o.a.c.c.C.[Tomcat].[localhost].[/]       : Initializing Spring embedded WebApplicationContext
2021-03-21 15:34:17.587  INFO 7392 --- [main] w.s.c.ServletWebServerApplicationContext : Root WebApplicationContext: initialization completed in 3284 ms
2021-03-21 15:34:18.451  INFO 7392 --- [main] c.a.d.s.b.a.DruidDataSourceAutoConfigure : Init DruidDataSource
2021-03-21 15:34:18.945  INFO 7392 --- [main] com.alibaba.druid.pool.DruidDataSource   : {dataSource-1} inited
2021-03-21 15:34:21.146  INFO 7392 --- [main] o.s.s.web.DefaultSecurityFilterChain     : Creating filter chain: Ant [pattern='/swagger-resources/**', GET], []
2021-03-21 15:34:21.146  INFO 7392 --- [main] o.s.s.web.DefaultSecurityFilterChain     : Creating filter chain: Ant [pattern='/PearAdmin/**', GET], []
2021-03-21 15:34:21.146  INFO 7392 --- [main] o.s.s.web.DefaultSecurityFilterChain     : Creating filter chain: Ant [pattern='/component/**', GET], []
2021-03-21 15:34:21.146  INFO 7392 --- [main] o.s.s.web.DefaultSecurityFilterChain     : Creating filter chain: Ant [pattern='/admin/**', GET], []
2021-03-21 15:34:21.147  INFO 7392 --- [main] o.s.s.web.DefaultSecurityFilterChain     : Creating filter chain: Ant [pattern='/static/**', GET], []
2021-03-21 15:34:21.147  INFO 7392 --- [main] o.s.s.web.DefaultSecurityFilterChain     : Creating filter chain: Ant [pattern='/templates/**', GET], []
2021-03-21 15:34:21.147  INFO 7392 --- [main] o.s.s.web.DefaultSecurityFilterChain     : Creating filter chain: Ant [pattern='/**/*.html', GET], []
2021-03-21 15:34:21.147  INFO 7392 --- [main] o.s.s.web.DefaultSecurityFilterChain     : Creating filter chain: Ant [pattern='/**/*.css', GET], []
2021-03-21 15:34:21.147  INFO 7392 --- [main] o.s.s.web.DefaultSecurityFilterChain     : Creating filter chain: Ant [pattern='/**/*.js', GET], []
2021-03-21 15:34:21.147  INFO 7392 --- [main] o.s.s.web.DefaultSecurityFilterChain     : Creating filter chain: Ant [pattern='/swagger-ui.html', GET], []
2021-03-21 15:34:21.147  INFO 7392 --- [main] o.s.s.web.DefaultSecurityFilterChain     : Creating filter chain: Ant [pattern='/webjars/**', GET], []
2021-03-21 15:34:21.147  INFO 7392 --- [main] o.s.s.web.DefaultSecurityFilterChain     : Creating filter chain: Ant [pattern='/v2/**', GET], []
2021-03-21 15:34:21.147  INFO 7392 --- [main] o.s.s.web.DefaultSecurityFilterChain     : Creating filter chain: Ant [pattern='/druid/**', GET], []
2021-03-21 15:34:21.147  INFO 7392 --- [main] o.s.s.web.DefaultSecurityFilterChain     : Creating filter chain: Ant [pattern='/test/**', GET], []
2021-03-21 15:34:21.202  INFO 7392 --- [main] o.s.s.web.DefaultSecurityFilterChain     : Creating filter chain: OrRequestMatcher [requestMatchers=[Ant [pattern='/oauth/token'], Ant [pattern='/oauth/token_key'], Ant [pattern='/oauth/check_token']]], [org.springframework.security.web.context.request.async.WebAsyncManagerIntegrationFilter@fee7ca, org.springframework.security.web.context.SecurityContextPersistenceFilter@54ca9420, org.springframework.security.web.header.HeaderWriterFilter@527d5e48, org.springframework.security.web.authentication.logout.LogoutFilter@1fca53a7, org.springframework.security.web.authentication.www.BasicAuthenticationFilter@1ac3a6f, org.springframework.security.web.savedrequest.RequestCacheAwareFilter@72c704f1, org.springframework.security.web.servletapi.SecurityContextHolderAwareRequestFilter@3dea1ecc, org.springframework.security.web.authentication.AnonymousAuthenticationFilter@29c80149, org.springframework.security.web.session.SessionManagementFilter@3291d9c2, org.springframework.security.web.access.ExceptionTranslationFilter@3e998033, org.springframework.security.web.access.intercept.FilterSecurityInterceptor@42066f0d]
2021-03-21 15:34:21.219  INFO 7392 --- [main] o.s.s.web.DefaultSecurityFilterChain     : Creating filter chain: any request, [org.springframework.security.web.context.request.async.WebAsyncManagerIntegrationFilter@b849fa6, org.springframework.security.web.context.SecurityContextPersistenceFilter@1d0dad12, org.springframework.security.web.header.HeaderWriterFilter@3d7b3b18, org.springframework.security.web.authentication.logout.LogoutFilter@5e7e7a7e, org.springframework.security.web.authentication.UsernamePasswordAuthenticationFilter@2095c331, org.springframework.security.web.authentication.www.BasicAuthenticationFilter@3909a854, org.springframework.security.web.savedrequest.RequestCacheAwareFilter@3c6fb501, org.springframework.security.web.servletapi.SecurityContextHolderAwareRequestFilter@58a8ea6f, org.springframework.security.web.authentication.rememberme.RememberMeAuthenticationFilter@586486c, org.springframework.security.web.authentication.AnonymousAuthenticationFilter@7fbbdd8a, org.springframework.security.web.session.SessionManagementFilter@186dcb05, org.springframework.security.web.access.ExceptionTranslationFilter@10408ea, org.springframework.security.web.access.intercept.FilterSecurityInterceptor@1d1c63af]
2021-03-21 15:34:21.388  INFO 7392 --- [main] o.s.s.concurrent.ThreadPoolTaskExecutor  : Initializing ExecutorService 'applicationTaskExecutor'
2021-03-21 15:34:21.498  INFO 7392 --- [main] o.s.b.a.w.s.WelcomePageHandlerMapping    : Adding welcome page template: index
2021-03-21 15:34:22.594  WARN 7392 --- [main] s.o.SpringCloudSecurityAutoConfiguration : All Spring Cloud Security modules and starters are deprecated. They will be moved to individual projects in the next major release.
2021-03-21 15:34:22.601  INFO 7392 --- [main] o.s.b.a.e.web.EndpointLinksResolver      : Exposing 2 endpoint(s) beneath base path '/actuator'
2021-03-21 15:34:22.802  INFO 7392 --- [main] o.s.b.w.embedded.tomcat.TomcatWebServer  : Tomcat started on port(s): 8088 (http) with context path ''
2021-03-21 15:34:23.233  INFO 7392 --- [main] com.smart.sec.SecurityExample01App       : Started SecurityExample01App in 11.285 seconds (JVM running for 14.451)
2021-03-21 15:34:23.785  INFO 7392 --- [RMI TCP Connection(3)-192.168.137.1] o.a.c.c.C.[Tomcat].[localhost].[/]       : Initializing Spring DispatcherServlet 'dispatcherServlet'
2021-03-21 15:34:23.786  INFO 7392 --- [RMI TCP Connection(3)-192.168.137.1] o.s.web.servlet.DispatcherServlet        : Initializing Servlet 'dispatcherServlet'
2021-03-21 15:34:23.799  INFO 7392 --- [RMI TCP Connection(3)-192.168.137.1] o.s.web.servlet.DispatcherServlet        : Completed initialization in 13 ms
2021-03-21 15:34:25.056  INFO 7392 --- [boundedElastic-1] io.lettuce.core.EpollProvider            : Starting without optional epoll library
2021-03-21 15:34:25.058  INFO 7392 --- [boundedElastic-1] io.lettuce.core.KqueueProvider           : Starting without optional kqueue library
2021-03-21 15:34:36.688  INFO 7392 --- [http-nio-8088-exec-2] c.s.s.F.JwtAuthenticationTokenFilter     : 过滤器
2021-03-21 15:34:36.688  INFO 7392 --- [http-nio-8088-exec-2] c.s.s.F.JwtAuthenticationTokenFilter     : 当前URL：/
2021-03-21 15:34:36.689  INFO 7392 --- [http-nio-8088-exec-2] c.s.s.F.JwtAuthenticationTokenFilter     : 请求地址：0:0:0:0:0:0:0:1
2021-03-21 15:34:36.689  INFO 7392 --- [http-nio-8088-exec-2] c.s.s.F.JwtAuthenticationTokenFilter     : 请求方法：GET
2021-03-21 15:34:36.689  INFO 7392 --- [http-nio-8088-exec-2] c.s.s.F.JwtAuthenticationTokenFilter     : 当前拦截器权限org.springframework.security.web.authentication.WebAuthenticationDetails@b364: RemoteIpAddress: 0:0:0:0:0:0:0:1; SessionId: null
2021-03-21 15:34:37.366  INFO 7392 --- [http-nio-8088-exec-4] c.s.s.F.JwtAuthenticationTokenFilter     : 过滤器
2021-03-21 15:34:58.786  INFO 7392 --- [SpringContextShutdownHook] o.s.s.concurrent.ThreadPoolTaskExecutor  : Shutting down ExecutorService 'applicationTaskExecutor'
2021-03-21 15:34:58.969  INFO 7392 --- [SpringContextShutdownHook] com.alibaba.druid.pool.DruidDataSource   : {dataSource-1} closing ...
2021-03-21 15:34:58.986  INFO 7392 --- [SpringContextShutdownHook] com.alibaba.druid.pool.DruidDataSource   : {dataSource-1} closed
2021-03-21 15:35:11.957  INFO 20156 --- [main] com.smart.sec.SecurityExample01App       : The following profiles are active: dev
2021-03-21 15:35:13.418  INFO 20156 --- [main] .s.d.r.c.RepositoryConfigurationDelegate : Multiple Spring Data modules found, entering strict repository configuration mode!
2021-03-21 15:35:13.421  INFO 20156 --- [main] .s.d.r.c.RepositoryConfigurationDelegate : Bootstrapping Spring Data Redis repositories in DEFAULT mode.
2021-03-21 15:35:13.479  INFO 20156 --- [main] .s.d.r.c.RepositoryConfigurationDelegate : Finished Spring Data repository scanning in 38ms. Found 0 Redis repository interfaces.
2021-03-21 15:35:13.875  INFO 20156 --- [main] o.s.cloud.context.scope.GenericScope     : BeanFactory id=a2634ea2-c69c-3802-80cc-a844c7edc35e
2021-03-21 15:35:14.041  INFO 20156 --- [main] trationDelegate$BeanPostProcessorChecker : Bean 'org.springframework.security.access.expression.method.DefaultMethodSecurityExpressionHandler@7b5b5bfe' of type [org.springframework.security.oauth2.provider.expression.OAuth2MethodSecurityExpressionHandler] is not eligible for getting processed by all BeanPostProcessors (for example: not eligible for auto-proxying)
2021-03-21 15:35:14.054  INFO 20156 --- [main] trationDelegate$BeanPostProcessorChecker : Bean 'methodSecurityMetadataSource' of type [org.springframework.security.access.method.DelegatingMethodSecurityMetadataSource] is not eligible for getting processed by all BeanPostProcessors (for example: not eligible for auto-proxying)
2021-03-21 15:35:14.424  INFO 20156 --- [main] o.s.b.w.embedded.tomcat.TomcatWebServer  : Tomcat initialized with port(s): 8088 (http)
2021-03-21 15:35:14.443  INFO 20156 --- [main] o.apache.catalina.core.StandardService   : Starting service [Tomcat]
2021-03-21 15:35:14.444  INFO 20156 --- [main] org.apache.catalina.core.StandardEngine  : Starting Servlet engine: [Apache Tomcat/9.0.39]
2021-03-21 15:35:14.447  INFO 20156 --- [main] o.a.catalina.core.AprLifecycleListener   : Loaded Apache Tomcat Native library [1.2.24] using APR version [1.7.0].
2021-03-21 15:35:14.447  INFO 20156 --- [main] o.a.catalina.core.AprLifecycleListener   : APR capabilities: IPv6 [true], sendfile [true], accept filters [false], random [true].
2021-03-21 15:35:14.447  INFO 20156 --- [main] o.a.catalina.core.AprLifecycleListener   : APR/OpenSSL configuration: useAprConnector [false], useOpenSSL [true]
2021-03-21 15:35:14.453  INFO 20156 --- [main] o.a.catalina.core.AprLifecycleListener   : OpenSSL successfully initialized [OpenSSL 1.1.1g  21 Apr 2020]
2021-03-21 15:35:14.662  INFO 20156 --- [main] o.a.c.c.C.[Tomcat].[localhost].[/]       : Initializing Spring embedded WebApplicationContext
2021-03-21 15:35:14.662  INFO 20156 --- [main] w.s.c.ServletWebServerApplicationContext : Root WebApplicationContext: initialization completed in 2671 ms
2021-03-21 15:35:15.509  INFO 20156 --- [main] c.a.d.s.b.a.DruidDataSourceAutoConfigure : Init DruidDataSource
2021-03-21 15:35:15.950  INFO 20156 --- [main] com.alibaba.druid.pool.DruidDataSource   : {dataSource-1} inited
2021-03-21 15:35:18.111  INFO 20156 --- [main] o.s.s.web.DefaultSecurityFilterChain     : Creating filter chain: Ant [pattern='/swagger-resources/**', GET], []
2021-03-21 15:35:18.112  INFO 20156 --- [main] o.s.s.web.DefaultSecurityFilterChain     : Creating filter chain: Ant [pattern='/PearAdmin/**', GET], []
2021-03-21 15:35:18.113  INFO 20156 --- [main] o.s.s.web.DefaultSecurityFilterChain     : Creating filter chain: Ant [pattern='/component/**', GET], []
2021-03-21 15:35:18.113  INFO 20156 --- [main] o.s.s.web.DefaultSecurityFilterChain     : Creating filter chain: Ant [pattern='/admin/**', GET], []
2021-03-21 15:35:18.113  INFO 20156 --- [main] o.s.s.web.DefaultSecurityFilterChain     : Creating filter chain: Ant [pattern='/static/**', GET], []
2021-03-21 15:35:18.113  INFO 20156 --- [main] o.s.s.web.DefaultSecurityFilterChain     : Creating filter chain: Ant [pattern='/templates/**', GET], []
2021-03-21 15:35:18.113  INFO 20156 --- [main] o.s.s.web.DefaultSecurityFilterChain     : Creating filter chain: Ant [pattern='/**/*.html', GET], []
2021-03-21 15:35:18.113  INFO 20156 --- [main] o.s.s.web.DefaultSecurityFilterChain     : Creating filter chain: Ant [pattern='/**/*.css', GET], []
2021-03-21 15:35:18.114  INFO 20156 --- [main] o.s.s.web.DefaultSecurityFilterChain     : Creating filter chain: Ant [pattern='/**/*.js', GET], []
2021-03-21 15:35:18.114  INFO 20156 --- [main] o.s.s.web.DefaultSecurityFilterChain     : Creating filter chain: Ant [pattern='/swagger-ui.html', GET], []
2021-03-21 15:35:18.114  INFO 20156 --- [main] o.s.s.web.DefaultSecurityFilterChain     : Creating filter chain: Ant [pattern='/webjars/**', GET], []
2021-03-21 15:35:18.114  INFO 20156 --- [main] o.s.s.web.DefaultSecurityFilterChain     : Creating filter chain: Ant [pattern='/v2/**', GET], []
2021-03-21 15:35:18.114  INFO 20156 --- [main] o.s.s.web.DefaultSecurityFilterChain     : Creating filter chain: Ant [pattern='/druid/**', GET], []
2021-03-21 15:35:18.114  INFO 20156 --- [main] o.s.s.web.DefaultSecurityFilterChain     : Creating filter chain: Ant [pattern='/test/**', GET], []
2021-03-21 15:35:18.170  INFO 20156 --- [main] o.s.s.web.DefaultSecurityFilterChain     : Creating filter chain: OrRequestMatcher [requestMatchers=[Ant [pattern='/oauth/token'], Ant [pattern='/oauth/token_key'], Ant [pattern='/oauth/check_token']]], [org.springframework.security.web.context.request.async.WebAsyncManagerIntegrationFilter@57b3d869, org.springframework.security.web.context.SecurityContextPersistenceFilter@601d9f3a, org.springframework.security.web.header.HeaderWriterFilter@7d4da729, org.springframework.security.web.authentication.logout.LogoutFilter@737ff5c4, org.springframework.security.web.authentication.www.BasicAuthenticationFilter@5da3f32a, org.springframework.security.web.savedrequest.RequestCacheAwareFilter@6585df70, org.springframework.security.web.servletapi.SecurityContextHolderAwareRequestFilter@24ac6fef, org.springframework.security.web.authentication.AnonymousAuthenticationFilter@51f4439e, org.springframework.security.web.session.SessionManagementFilter@4b7e4d14, org.springframework.security.web.access.ExceptionTranslationFilter@2aa811f9, org.springframework.security.web.access.intercept.FilterSecurityInterceptor@4feec184]
2021-03-21 15:35:18.186  INFO 20156 --- [main] o.s.s.web.DefaultSecurityFilterChain     : Creating filter chain: any request, [org.springframework.security.web.context.request.async.WebAsyncManagerIntegrationFilter@3835d3fd, org.springframework.security.web.context.SecurityContextPersistenceFilter@2d2f09a4, org.springframework.security.web.header.HeaderWriterFilter@3063be68, org.springframework.security.web.authentication.logout.LogoutFilter@103478b8, org.springframework.security.web.authentication.UsernamePasswordAuthenticationFilter@bea5941, org.springframework.security.web.authentication.www.BasicAuthenticationFilter@df6f19b, org.springframework.security.web.savedrequest.RequestCacheAwareFilter@c677d7e, org.springframework.security.web.servletapi.SecurityContextHolderAwareRequestFilter@215a0264, org.springframework.security.web.authentication.rememberme.RememberMeAuthenticationFilter@614cbec4, org.springframework.security.web.authentication.AnonymousAuthenticationFilter@2759749, org.springframework.security.web.session.SessionManagementFilter@3a3bc0da, org.springframework.security.web.access.ExceptionTranslationFilter@74eab077, org.springframework.security.web.access.intercept.FilterSecurityInterceptor@5dba3fdc]
2021-03-21 15:35:18.347  INFO 20156 --- [main] o.s.s.concurrent.ThreadPoolTaskExecutor  : Initializing ExecutorService 'applicationTaskExecutor'
2021-03-21 15:35:18.447  INFO 20156 --- [main] o.s.b.a.w.s.WelcomePageHandlerMapping    : Adding welcome page template: index
2021-03-21 15:35:19.626  WARN 20156 --- [main] s.o.SpringCloudSecurityAutoConfiguration : All Spring Cloud Security modules and starters are deprecated. They will be moved to individual projects in the next major release.
2021-03-21 15:35:19.644  INFO 20156 --- [main] o.s.b.a.e.web.EndpointLinksResolver      : Exposing 2 endpoint(s) beneath base path '/actuator'
2021-03-21 15:35:19.895  INFO 20156 --- [main] o.s.b.w.embedded.tomcat.TomcatWebServer  : Tomcat started on port(s): 8088 (http) with context path ''
2021-03-21 15:35:20.358  INFO 20156 --- [main] com.smart.sec.SecurityExample01App       : Started SecurityExample01App in 11.161 seconds (JVM running for 13.88)
2021-03-21 15:35:20.908  INFO 20156 --- [RMI TCP Connection(1)-192.168.137.1] o.a.c.c.C.[Tomcat].[localhost].[/]       : Initializing Spring DispatcherServlet 'dispatcherServlet'
2021-03-21 15:35:20.909  INFO 20156 --- [RMI TCP Connection(1)-192.168.137.1] o.s.web.servlet.DispatcherServlet        : Initializing Servlet 'dispatcherServlet'
2021-03-21 15:35:20.922  INFO 20156 --- [RMI TCP Connection(1)-192.168.137.1] o.s.web.servlet.DispatcherServlet        : Completed initialization in 13 ms
2021-03-21 15:35:22.048  INFO 20156 --- [boundedElastic-1] io.lettuce.core.EpollProvider            : Starting without optional epoll library
2021-03-21 15:35:22.051  INFO 20156 --- [boundedElastic-1] io.lettuce.core.KqueueProvider           : Starting without optional kqueue library
2021-03-21 15:35:25.624  INFO 20156 --- [http-nio-8088-exec-1] c.s.s.F.JwtAuthenticationTokenFilter     : 过滤器
2021-03-21 15:35:25.625  INFO 20156 --- [http-nio-8088-exec-1] c.s.s.F.JwtAuthenticationTokenFilter     : 当前URL：/
2021-03-21 15:35:25.625  INFO 20156 --- [http-nio-8088-exec-1] c.s.s.F.JwtAuthenticationTokenFilter     : 请求地址：0:0:0:0:0:0:0:1
2021-03-21 15:35:25.625  INFO 20156 --- [http-nio-8088-exec-1] c.s.s.F.JwtAuthenticationTokenFilter     : 请求方法：GET
2021-03-21 15:35:25.625  INFO 20156 --- [http-nio-8088-exec-1] c.s.s.F.JwtAuthenticationTokenFilter     : 当前拦截器权限org.springframework.security.web.authentication.WebAuthenticationDetails@b364: RemoteIpAddress: 0:0:0:0:0:0:0:1; SessionId: null
2021-03-21 15:35:26.280  INFO 20156 --- [http-nio-8088-exec-2] c.s.s.F.JwtAuthenticationTokenFilter     : 过滤器
2021-03-21 15:35:28.952  INFO 20156 --- [http-nio-8088-exec-5] c.s.s.F.JwtAuthenticationTokenFilter     : 过滤器
2021-03-21 15:35:28.958  INFO 20156 --- [http-nio-8088-exec-6] c.s.s.F.JwtAuthenticationTokenFilter     : 过滤器
2021-03-21 15:35:28.964  INFO 20156 --- [http-nio-8088-exec-7] c.s.s.F.JwtAuthenticationTokenFilter     : 过滤器
2021-03-21 15:35:28.965  INFO 20156 --- [http-nio-8088-exec-8] c.s.s.F.JwtAuthenticationTokenFilter     : 过滤器
2021-03-21 15:35:28.970  INFO 20156 --- [http-nio-8088-exec-9] c.s.s.F.JwtAuthenticationTokenFilter     : 过滤器
2021-03-21 15:35:28.971  INFO 20156 --- [http-nio-8088-exec-9] c.s.s.F.JwtAuthenticationTokenFilter     : 当前URL：/captcha
2021-03-21 15:35:28.971  INFO 20156 --- [http-nio-8088-exec-9] c.s.s.F.JwtAuthenticationTokenFilter     : 请求地址：0:0:0:0:0:0:0:1
2021-03-21 15:35:28.971  INFO 20156 --- [http-nio-8088-exec-9] c.s.s.F.JwtAuthenticationTokenFilter     : 请求方法：GET
2021-03-21 15:35:28.971  INFO 20156 --- [http-nio-8088-exec-9] c.s.s.F.JwtAuthenticationTokenFilter     : 当前拦截器权限org.springframework.security.web.authentication.WebAuthenticationDetails@b364: RemoteIpAddress: 0:0:0:0:0:0:0:1; SessionId: null
2021-03-21 15:35:28.991  INFO 20156 --- [http-nio-8088-exec-10] c.s.s.F.JwtAuthenticationTokenFilter     : 过滤器
2021-03-21 15:35:28.995  INFO 20156 --- [http-nio-8088-exec-1] c.s.s.F.JwtAuthenticationTokenFilter     : 过滤器
2021-03-21 15:35:29.004  INFO 20156 --- [http-nio-8088-exec-1] c.s.s.F.JwtAuthenticationTokenFilter     : 过滤器
2021-03-21 15:35:29.011  INFO 20156 --- [http-nio-8088-exec-8] c.s.s.F.JwtAuthenticationTokenFilter     : 过滤器
2021-03-21 15:35:29.012  INFO 20156 --- [http-nio-8088-exec-2] c.s.s.F.JwtAuthenticationTokenFilter     : 过滤器
2021-03-21 15:35:29.028  INFO 20156 --- [http-nio-8088-exec-4] c.s.s.F.JwtAuthenticationTokenFilter     : 过滤器
2021-03-21 15:35:29.030  INFO 20156 --- [http-nio-8088-exec-5] c.s.s.F.JwtAuthenticationTokenFilter     : 过滤器
2021-03-21 15:35:29.032  INFO 20156 --- [http-nio-8088-exec-10] c.s.s.F.JwtAuthenticationTokenFilter     : 过滤器
2021-03-21 15:35:29.033  INFO 20156 --- [http-nio-8088-exec-3] c.s.s.F.JwtAuthenticationTokenFilter     : 过滤器
2021-03-21 15:35:29.035  INFO 20156 --- [http-nio-8088-exec-1] c.s.s.F.JwtAuthenticationTokenFilter     : 过滤器
2021-03-21 15:35:29.043  INFO 20156 --- [http-nio-8088-exec-6] c.s.s.F.JwtAuthenticationTokenFilter     : 过滤器
2021-03-21 15:35:29.044  INFO 20156 --- [http-nio-8088-exec-1] c.s.s.F.JwtAuthenticationTokenFilter     : 过滤器
2021-03-21 15:35:29.046  INFO 20156 --- [http-nio-8088-exec-3] c.s.s.F.JwtAuthenticationTokenFilter     : 过滤器
2021-03-21 15:35:29.046  INFO 20156 --- [http-nio-8088-exec-8] c.s.s.F.JwtAuthenticationTokenFilter     : 过滤器
2021-03-21 15:35:29.051  INFO 20156 --- [http-nio-8088-exec-2] c.s.s.F.JwtAuthenticationTokenFilter     : 过滤器
2021-03-21 15:35:29.063  INFO 20156 --- [http-nio-8088-exec-5] c.s.s.F.JwtAuthenticationTokenFilter     : 过滤器
2021-03-21 15:35:29.064  INFO 20156 --- [http-nio-8088-exec-6] c.s.s.F.JwtAuthenticationTokenFilter     : 过滤器
2021-03-21 15:35:29.066  INFO 20156 --- [http-nio-8088-exec-7] c.s.s.F.JwtAuthenticationTokenFilter     : 过滤器
2021-03-21 15:35:29.080  INFO 20156 --- [http-nio-8088-exec-4] c.s.s.F.JwtAuthenticationTokenFilter     : 过滤器
2021-03-21 15:35:29.085  INFO 20156 --- [http-nio-8088-exec-3] c.s.s.F.JwtAuthenticationTokenFilter     : 过滤器
2021-03-21 15:35:29.086  INFO 20156 --- [http-nio-8088-exec-8] c.s.s.F.JwtAuthenticationTokenFilter     : 过滤器
2021-03-21 15:35:29.096  INFO 20156 --- [http-nio-8088-exec-2] c.s.s.F.JwtAuthenticationTokenFilter     : 过滤器
2021-03-21 15:35:29.141  INFO 20156 --- [http-nio-8088-exec-1] c.s.s.F.JwtAuthenticationTokenFilter     : 过滤器
2021-03-21 15:35:29.304  INFO 20156 --- [http-nio-8088-exec-6] c.s.s.F.JwtAuthenticationTokenFilter     : 过滤器
2021-03-21 15:35:29.365  INFO 20156 --- [http-nio-8088-exec-5] c.s.s.F.JwtAuthenticationTokenFilter     : 过滤器
2021-03-21 15:35:29.387  INFO 20156 --- [http-nio-8088-exec-7] c.s.s.F.JwtAuthenticationTokenFilter     : 过滤器
2021-03-21 15:35:29.392  INFO 20156 --- [http-nio-8088-exec-4] c.s.s.F.JwtAuthenticationTokenFilter     : 过滤器
2021-03-21 15:35:29.462  INFO 20156 --- [http-nio-8088-exec-3] c.s.s.F.JwtAuthenticationTokenFilter     : 过滤器
2021-03-21 15:35:29.474  INFO 20156 --- [http-nio-8088-exec-3] c.s.s.F.JwtAuthenticationTokenFilter     : 过滤器
2021-03-21 15:35:37.720  INFO 20156 --- [http-nio-8088-exec-2] c.s.s.s.i.CustomerUserDetailsServiceImpl : 当前用户权限[ADMIN, ADMIN, ADMIN, VIP, role:list, menu:list, SYSTEM, SQL, DOC, EX, 403, VIP, 500, user:add, user:edit, user:del, role:add, role:edit, role:del, menu:add, menu:edit, menu:del, log:list, errorLog:list, log:del, errorLog:del, dept:list, job:list, TOOL, TIME, job:add, job:edit, job:del, dept:add, dept:edit, dept:del, USER, CODE, TABLE, dict:list, dict:add, dict:edit, dict:del]
2021-03-21 15:35:37.849  INFO 20156 --- [http-nio-8088-exec-2] c.smart.sec.handler.LoginSuccessHandler  : 登陆成功
2021-03-21 15:35:38.657  INFO 20156 --- [http-nio-8088-exec-2] c.smart.sec.handler.LoginSuccessHandler  : 转换为token的用户name: admin
2021-03-21 15:35:38.678  INFO 20156 --- [http-nio-8088-exec-1] c.s.s.F.JwtAuthenticationTokenFilter     : 过滤器
2021-03-21 15:35:39.907  INFO 20156 --- [http-nio-8088-exec-6] c.s.s.F.JwtAuthenticationTokenFilter     : 过滤器
2021-03-21 15:35:39.908  INFO 20156 --- [http-nio-8088-exec-6] c.s.s.F.JwtAuthenticationTokenFilter     : 当前URL：/
2021-03-21 15:35:39.908  INFO 20156 --- [http-nio-8088-exec-6] c.s.s.F.JwtAuthenticationTokenFilter     : 请求地址：0:0:0:0:0:0:0:1
2021-03-21 15:35:39.908  INFO 20156 --- [http-nio-8088-exec-6] c.s.s.F.JwtAuthenticationTokenFilter     : 请求方法：GET
2021-03-21 15:35:39.909  INFO 20156 --- [http-nio-8088-exec-6] c.s.s.F.JwtAuthenticationTokenFilter     : 当前拦截器权限org.springframework.security.web.authentication.WebAuthenticationDetails@fffde5d4: RemoteIpAddress: 0:0:0:0:0:0:0:1; SessionId: 46922BE4C7767319DC0D20B477598629
2021-03-21 15:35:49.371  INFO 20156 --- [http-nio-8088-exec-7] c.s.s.F.JwtAuthenticationTokenFilter     : 过滤器
2021-03-21 15:35:49.372  INFO 20156 --- [http-nio-8088-exec-7] c.s.s.F.JwtAuthenticationTokenFilter     : 当前URL：/captcha
2021-03-21 15:35:49.372  INFO 20156 --- [http-nio-8088-exec-7] c.s.s.F.JwtAuthenticationTokenFilter     : 请求地址：0:0:0:0:0:0:0:1
2021-03-21 15:35:49.372  INFO 20156 --- [http-nio-8088-exec-7] c.s.s.F.JwtAuthenticationTokenFilter     : 请求方法：GET
2021-03-21 15:35:49.372  INFO 20156 --- [http-nio-8088-exec-7] c.s.s.F.JwtAuthenticationTokenFilter     : 当前拦截器权限org.springframework.security.web.authentication.WebAuthenticationDetails@fffde5d4: RemoteIpAddress: 0:0:0:0:0:0:0:1; SessionId: 46922BE4C7767319DC0D20B477598629
2021-03-21 15:35:51.637  INFO 20156 --- [http-nio-8088-exec-10] c.s.s.F.JwtAuthenticationTokenFilter     : 过滤器
2021-03-21 15:35:51.638  INFO 20156 --- [http-nio-8088-exec-10] c.s.s.F.JwtAuthenticationTokenFilter     : 当前URL：/captcha
2021-03-21 15:35:51.638  INFO 20156 --- [http-nio-8088-exec-10] c.s.s.F.JwtAuthenticationTokenFilter     : 请求地址：0:0:0:0:0:0:0:1
2021-03-21 15:35:51.638  INFO 20156 --- [http-nio-8088-exec-10] c.s.s.F.JwtAuthenticationTokenFilter     : 请求方法：GET
2021-03-21 15:35:51.639  INFO 20156 --- [http-nio-8088-exec-10] c.s.s.F.JwtAuthenticationTokenFilter     : 当前拦截器权限org.springframework.security.web.authentication.WebAuthenticationDetails@fffde5d4: RemoteIpAddress: 0:0:0:0:0:0:0:1; SessionId: 46922BE4C7767319DC0D20B477598629
2021-03-21 15:35:53.498  INFO 20156 --- [http-nio-8088-exec-5] c.s.s.F.JwtAuthenticationTokenFilter     : 过滤器
2021-03-21 15:35:53.498  INFO 20156 --- [http-nio-8088-exec-5] c.s.s.F.JwtAuthenticationTokenFilter     : 当前URL：/captcha
2021-03-21 15:35:53.498  INFO 20156 --- [http-nio-8088-exec-5] c.s.s.F.JwtAuthenticationTokenFilter     : 请求地址：0:0:0:0:0:0:0:1
2021-03-21 15:35:53.499  INFO 20156 --- [http-nio-8088-exec-5] c.s.s.F.JwtAuthenticationTokenFilter     : 请求方法：GET
2021-03-21 15:35:53.499  INFO 20156 --- [http-nio-8088-exec-5] c.s.s.F.JwtAuthenticationTokenFilter     : 当前拦截器权限org.springframework.security.web.authentication.WebAuthenticationDetails@fffde5d4: RemoteIpAddress: 0:0:0:0:0:0:0:1; SessionId: 46922BE4C7767319DC0D20B477598629
2021-03-21 15:36:06.508  INFO 20156 --- [SpringContextShutdownHook] o.s.s.concurrent.ThreadPoolTaskExecutor  : Shutting down ExecutorService 'applicationTaskExecutor'
2021-03-21 15:36:06.733  INFO 20156 --- [SpringContextShutdownHook] com.alibaba.druid.pool.DruidDataSource   : {dataSource-1} closing ...
2021-03-21 15:36:06.750  INFO 20156 --- [SpringContextShutdownHook] com.alibaba.druid.pool.DruidDataSource   : {dataSource-1} closed
2021-03-21 15:36:25.925  INFO 13628 --- [main] com.smart.sec.SecurityExample01App       : The following profiles are active: dev
2021-03-21 15:36:27.368  INFO 13628 --- [main] .s.d.r.c.RepositoryConfigurationDelegate : Multiple Spring Data modules found, entering strict repository configuration mode!
2021-03-21 15:36:27.372  INFO 13628 --- [main] .s.d.r.c.RepositoryConfigurationDelegate : Bootstrapping Spring Data Redis repositories in DEFAULT mode.
2021-03-21 15:36:27.435  INFO 13628 --- [main] .s.d.r.c.RepositoryConfigurationDelegate : Finished Spring Data repository scanning in 40ms. Found 0 Redis repository interfaces.
2021-03-21 15:36:27.828  INFO 13628 --- [main] o.s.cloud.context.scope.GenericScope     : BeanFactory id=a2634ea2-c69c-3802-80cc-a844c7edc35e
2021-03-21 15:36:27.985  INFO 13628 --- [main] trationDelegate$BeanPostProcessorChecker : Bean 'org.springframework.security.access.expression.method.DefaultMethodSecurityExpressionHandler@50ab56e2' of type [org.springframework.security.oauth2.provider.expression.OAuth2MethodSecurityExpressionHandler] is not eligible for getting processed by all BeanPostProcessors (for example: not eligible for auto-proxying)
2021-03-21 15:36:27.999  INFO 13628 --- [main] trationDelegate$BeanPostProcessorChecker : Bean 'methodSecurityMetadataSource' of type [org.springframework.security.access.method.DelegatingMethodSecurityMetadataSource] is not eligible for getting processed by all BeanPostProcessors (for example: not eligible for auto-proxying)
2021-03-21 15:36:28.363  INFO 13628 --- [main] o.s.b.w.embedded.tomcat.TomcatWebServer  : Tomcat initialized with port(s): 8088 (http)
2021-03-21 15:36:28.377  INFO 13628 --- [main] o.apache.catalina.core.StandardService   : Starting service [Tomcat]
2021-03-21 15:36:28.378  INFO 13628 --- [main] org.apache.catalina.core.StandardEngine  : Starting Servlet engine: [Apache Tomcat/9.0.39]
2021-03-21 15:36:28.381  INFO 13628 --- [main] o.a.catalina.core.AprLifecycleListener   : Loaded Apache Tomcat Native library [1.2.24] using APR version [1.7.0].
2021-03-21 15:36:28.381  INFO 13628 --- [main] o.a.catalina.core.AprLifecycleListener   : APR capabilities: IPv6 [true], sendfile [true], accept filters [false], random [true].
2021-03-21 15:36:28.381  INFO 13628 --- [main] o.a.catalina.core.AprLifecycleListener   : APR/OpenSSL configuration: useAprConnector [false], useOpenSSL [true]
2021-03-21 15:36:28.386  INFO 13628 --- [main] o.a.catalina.core.AprLifecycleListener   : OpenSSL successfully initialized [OpenSSL 1.1.1g  21 Apr 2020]
2021-03-21 15:36:28.587  INFO 13628 --- [main] o.a.c.c.C.[Tomcat].[localhost].[/]       : Initializing Spring embedded WebApplicationContext
2021-03-21 15:36:28.587  INFO 13628 --- [main] w.s.c.ServletWebServerApplicationContext : Root WebApplicationContext: initialization completed in 2628 ms
2021-03-21 15:36:29.435  INFO 13628 --- [main] c.a.d.s.b.a.DruidDataSourceAutoConfigure : Init DruidDataSource
2021-03-21 15:36:29.869  INFO 13628 --- [main] com.alibaba.druid.pool.DruidDataSource   : {dataSource-1} inited
2021-03-21 15:36:32.044  INFO 13628 --- [main] o.s.s.web.DefaultSecurityFilterChain     : Creating filter chain: Ant [pattern='/swagger-resources/**', GET], []
2021-03-21 15:36:32.044  INFO 13628 --- [main] o.s.s.web.DefaultSecurityFilterChain     : Creating filter chain: Ant [pattern='/PearAdmin/**', GET], []
2021-03-21 15:36:32.044  INFO 13628 --- [main] o.s.s.web.DefaultSecurityFilterChain     : Creating filter chain: Ant [pattern='/component/**', GET], []
2021-03-21 15:36:32.044  INFO 13628 --- [main] o.s.s.web.DefaultSecurityFilterChain     : Creating filter chain: Ant [pattern='/admin/**', GET], []
2021-03-21 15:36:32.044  INFO 13628 --- [main] o.s.s.web.DefaultSecurityFilterChain     : Creating filter chain: Ant [pattern='/static/**', GET], []
2021-03-21 15:36:32.045  INFO 13628 --- [main] o.s.s.web.DefaultSecurityFilterChain     : Creating filter chain: Ant [pattern='/templates/**', GET], []
2021-03-21 15:36:32.045  INFO 13628 --- [main] o.s.s.web.DefaultSecurityFilterChain     : Creating filter chain: Ant [pattern='/**/*.html', GET], []
2021-03-21 15:36:32.045  INFO 13628 --- [main] o.s.s.web.DefaultSecurityFilterChain     : Creating filter chain: Ant [pattern='/**/*.css', GET], []
2021-03-21 15:36:32.045  INFO 13628 --- [main] o.s.s.web.DefaultSecurityFilterChain     : Creating filter chain: Ant [pattern='/**/*.js', GET], []
2021-03-21 15:36:32.045  INFO 13628 --- [main] o.s.s.web.DefaultSecurityFilterChain     : Creating filter chain: Ant [pattern='/swagger-ui.html', GET], []
2021-03-21 15:36:32.045  INFO 13628 --- [main] o.s.s.web.DefaultSecurityFilterChain     : Creating filter chain: Ant [pattern='/webjars/**', GET], []
2021-03-21 15:36:32.045  INFO 13628 --- [main] o.s.s.web.DefaultSecurityFilterChain     : Creating filter chain: Ant [pattern='/v2/**', GET], []
2021-03-21 15:36:32.045  INFO 13628 --- [main] o.s.s.web.DefaultSecurityFilterChain     : Creating filter chain: Ant [pattern='/druid/**', GET], []
2021-03-21 15:36:32.045  INFO 13628 --- [main] o.s.s.web.DefaultSecurityFilterChain     : Creating filter chain: Ant [pattern='/test/**', GET], []
2021-03-21 15:36:32.100  INFO 13628 --- [main] o.s.s.web.DefaultSecurityFilterChain     : Creating filter chain: OrRequestMatcher [requestMatchers=[Ant [pattern='/oauth/token'], Ant [pattern='/oauth/token_key'], Ant [pattern='/oauth/check_token']]], [org.springframework.security.web.context.request.async.WebAsyncManagerIntegrationFilter@3e489ac1, org.springframework.security.web.context.SecurityContextPersistenceFilter@6a38e3d1, org.springframework.security.web.header.HeaderWriterFilter@188bf4d8, org.springframework.security.web.authentication.logout.LogoutFilter@114badf0, org.springframework.security.web.authentication.www.BasicAuthenticationFilter@2c2e5e72, org.springframework.security.web.savedrequest.RequestCacheAwareFilter@bdda8a7, org.springframework.security.web.servletapi.SecurityContextHolderAwareRequestFilter@1df9f7c6, org.springframework.security.web.authentication.AnonymousAuthenticationFilter@26888c31, org.springframework.security.web.session.SessionManagementFilter@6528d339, org.springframework.security.web.access.ExceptionTranslationFilter@625f5712, org.springframework.security.web.access.intercept.FilterSecurityInterceptor@4ba1c1a2]
2021-03-21 15:36:32.117  INFO 13628 --- [main] o.s.s.web.DefaultSecurityFilterChain     : Creating filter chain: any request, [org.springframework.security.web.context.request.async.WebAsyncManagerIntegrationFilter@17a77a7e, org.springframework.security.web.context.SecurityContextPersistenceFilter@5f8df69, org.springframework.security.web.header.HeaderWriterFilter@3a7d914c, org.springframework.security.web.authentication.logout.LogoutFilter@12404f9d, org.springframework.security.web.authentication.UsernamePasswordAuthenticationFilter@4aa517c3, org.springframework.security.web.authentication.www.BasicAuthenticationFilter@5f369fc6, org.springframework.security.web.savedrequest.RequestCacheAwareFilter@1ce6a9bd, org.springframework.security.web.servletapi.SecurityContextHolderAwareRequestFilter@4a47bc9c, org.springframework.security.web.authentication.rememberme.RememberMeAuthenticationFilter@75de7009, org.springframework.security.web.authentication.AnonymousAuthenticationFilter@7c840fe3, org.springframework.security.web.session.SessionManagementFilter@515940af, org.springframework.security.web.access.ExceptionTranslationFilter@608f310a, org.springframework.security.web.access.intercept.FilterSecurityInterceptor@11dbcb3b]
2021-03-21 15:36:32.279  INFO 13628 --- [main] o.s.s.concurrent.ThreadPoolTaskExecutor  : Initializing ExecutorService 'applicationTaskExecutor'
2021-03-21 15:36:32.379  INFO 13628 --- [main] o.s.b.a.w.s.WelcomePageHandlerMapping    : Adding welcome page template: index
2021-03-21 15:36:33.720  WARN 13628 --- [main] s.o.SpringCloudSecurityAutoConfiguration : All Spring Cloud Security modules and starters are deprecated. They will be moved to individual projects in the next major release.
2021-03-21 15:36:33.728  INFO 13628 --- [main] o.s.b.a.e.web.EndpointLinksResolver      : Exposing 2 endpoint(s) beneath base path '/actuator'
2021-03-21 15:36:33.993  INFO 13628 --- [main] o.s.b.w.embedded.tomcat.TomcatWebServer  : Tomcat started on port(s): 8088 (http) with context path ''
2021-03-21 15:36:34.547  INFO 13628 --- [main] com.smart.sec.SecurityExample01App       : Started SecurityExample01App in 11.272 seconds (JVM running for 13.64)
2021-03-21 15:36:36.148  INFO 13628 --- [RMI TCP Connection(5)-192.168.137.1] o.a.c.c.C.[Tomcat].[localhost].[/]       : Initializing Spring DispatcherServlet 'dispatcherServlet'
2021-03-21 15:36:36.148  INFO 13628 --- [RMI TCP Connection(5)-192.168.137.1] o.s.web.servlet.DispatcherServlet        : Initializing Servlet 'dispatcherServlet'
2021-03-21 15:36:36.161  INFO 13628 --- [RMI TCP Connection(5)-192.168.137.1] o.s.web.servlet.DispatcherServlet        : Completed initialization in 13 ms
2021-03-21 15:36:36.261  INFO 13628 --- [boundedElastic-1] io.lettuce.core.EpollProvider            : Starting without optional epoll library
2021-03-21 15:36:36.264  INFO 13628 --- [boundedElastic-1] io.lettuce.core.KqueueProvider           : Starting without optional kqueue library
2021-03-21 15:36:39.110  INFO 13628 --- [http-nio-8088-exec-3] c.s.s.F.JwtAuthenticationTokenFilter     : 过滤器
2021-03-21 15:36:39.111  INFO 13628 --- [http-nio-8088-exec-3] c.s.s.F.JwtAuthenticationTokenFilter     : 当前URL：/captcha
2021-03-21 15:36:39.112  INFO 13628 --- [http-nio-8088-exec-3] c.s.s.F.JwtAuthenticationTokenFilter     : 请求地址：0:0:0:0:0:0:0:1
2021-03-21 15:36:39.112  INFO 13628 --- [http-nio-8088-exec-3] c.s.s.F.JwtAuthenticationTokenFilter     : 请求方法：GET
2021-03-21 15:36:39.112  INFO 13628 --- [http-nio-8088-exec-3] c.s.s.F.JwtAuthenticationTokenFilter     : 当前拦截器权限org.springframework.security.web.authentication.WebAuthenticationDetails@b364: RemoteIpAddress: 0:0:0:0:0:0:0:1; SessionId: null
2021-03-21 15:36:45.798  INFO 13628 --- [http-nio-8088-exec-2] c.s.s.s.i.CustomerUserDetailsServiceImpl : 当前用户权限[ADMIN, ADMIN, ADMIN, VIP, role:list, menu:list, SYSTEM, SQL, DOC, EX, 403, VIP, 500, user:add, user:edit, user:del, role:add, role:edit, role:del, menu:add, menu:edit, menu:del, log:list, errorLog:list, log:del, errorLog:del, dept:list, job:list, TOOL, TIME, job:add, job:edit, job:del, dept:add, dept:edit, dept:del, USER, CODE, TABLE, dict:list, dict:add, dict:edit, dict:del]
2021-03-21 15:36:45.920  INFO 13628 --- [http-nio-8088-exec-2] c.smart.sec.handler.LoginSuccessHandler  : 登陆成功
2021-03-21 15:36:46.784  INFO 13628 --- [http-nio-8088-exec-2] c.smart.sec.handler.LoginSuccessHandler  : 转换为token的用户name: admin
2021-03-21 15:36:48.038  INFO 13628 --- [http-nio-8088-exec-4] c.s.s.F.JwtAuthenticationTokenFilter     : 过滤器
2021-03-21 15:36:48.039  INFO 13628 --- [http-nio-8088-exec-4] c.s.s.F.JwtAuthenticationTokenFilter     : 当前URL：/
2021-03-21 15:36:48.039  INFO 13628 --- [http-nio-8088-exec-4] c.s.s.F.JwtAuthenticationTokenFilter     : 请求地址：0:0:0:0:0:0:0:1
2021-03-21 15:36:48.039  INFO 13628 --- [http-nio-8088-exec-4] c.s.s.F.JwtAuthenticationTokenFilter     : 请求方法：GET
2021-03-21 15:36:48.042  INFO 13628 --- [http-nio-8088-exec-4] c.s.s.F.JwtAuthenticationTokenFilter     : 当前拦截器权限org.springframework.security.web.authentication.WebAuthenticationDetails@ffff4c9c: RemoteIpAddress: 0:0:0:0:0:0:0:1; SessionId: 4C6B6ABB78D2D53197560C149F81667E
2021-03-21 15:36:51.323  INFO 13628 --- [http-nio-8088-exec-7] c.s.s.F.JwtAuthenticationTokenFilter     : 过滤器
2021-03-21 15:36:51.324  INFO 13628 --- [http-nio-8088-exec-7] c.s.s.F.JwtAuthenticationTokenFilter     : 当前URL：/captcha
2021-03-21 15:36:51.324  INFO 13628 --- [http-nio-8088-exec-7] c.s.s.F.JwtAuthenticationTokenFilter     : 请求地址：0:0:0:0:0:0:0:1
2021-03-21 15:36:51.324  INFO 13628 --- [http-nio-8088-exec-7] c.s.s.F.JwtAuthenticationTokenFilter     : 请求方法：GET
2021-03-21 15:36:51.325  INFO 13628 --- [http-nio-8088-exec-7] c.s.s.F.JwtAuthenticationTokenFilter     : 当前拦截器权限org.springframework.security.web.authentication.WebAuthenticationDetails@ffff4c9c: RemoteIpAddress: 0:0:0:0:0:0:0:1; SessionId: 4C6B6ABB78D2D53197560C149F81667E
2021-03-21 15:37:00.319  INFO 13628 --- [http-nio-8088-exec-9] c.s.s.F.JwtAuthenticationTokenFilter     : 过滤器
2021-03-21 15:37:00.325  INFO 13628 --- [http-nio-8088-exec-9] c.s.s.F.JwtAuthenticationTokenFilter     : 当前URL：/
2021-03-21 15:37:00.325  INFO 13628 --- [http-nio-8088-exec-9] c.s.s.F.JwtAuthenticationTokenFilter     : 请求地址：0:0:0:0:0:0:0:1
2021-03-21 15:37:00.326  INFO 13628 --- [http-nio-8088-exec-9] c.s.s.F.JwtAuthenticationTokenFilter     : 请求方法：GET
2021-03-21 15:37:00.326  INFO 13628 --- [http-nio-8088-exec-9] c.s.s.F.JwtAuthenticationTokenFilter     : 当前拦截器权限org.springframework.security.web.authentication.WebAuthenticationDetails@ffff4c9c: RemoteIpAddress: 0:0:0:0:0:0:0:1; SessionId: 4C6B6ABB78D2D53197560C149F81667E
2021-03-21 15:37:01.309  INFO 13628 --- [http-nio-8088-exec-3] c.s.s.F.JwtAuthenticationTokenFilter     : 过滤器
2021-03-21 15:37:01.309  INFO 13628 --- [http-nio-8088-exec-3] c.s.s.F.JwtAuthenticationTokenFilter     : 当前URL：/captcha
2021-03-21 15:37:01.310  INFO 13628 --- [http-nio-8088-exec-3] c.s.s.F.JwtAuthenticationTokenFilter     : 请求地址：0:0:0:0:0:0:0:1
2021-03-21 15:37:01.310  INFO 13628 --- [http-nio-8088-exec-3] c.s.s.F.JwtAuthenticationTokenFilter     : 请求方法：GET
2021-03-21 15:37:01.310  INFO 13628 --- [http-nio-8088-exec-3] c.s.s.F.JwtAuthenticationTokenFilter     : 当前拦截器权限org.springframework.security.web.authentication.WebAuthenticationDetails@ffff4c9c: RemoteIpAddress: 0:0:0:0:0:0:0:1; SessionId: 4C6B6ABB78D2D53197560C149F81667E
2021-03-21 15:37:24.982  INFO 13628 --- [SpringContextShutdownHook] o.s.s.concurrent.ThreadPoolTaskExecutor  : Shutting down ExecutorService 'applicationTaskExecutor'
2021-03-21 15:37:25.272  INFO 13628 --- [SpringContextShutdownHook] com.alibaba.druid.pool.DruidDataSource   : {dataSource-1} closing ...
2021-03-21 15:37:25.291  INFO 13628 --- [SpringContextShutdownHook] com.alibaba.druid.pool.DruidDataSource   : {dataSource-1} closed
2021-03-21 16:25:04.410  INFO 3360 --- [main] com.smart.sec.SecurityExample01App       : The following profiles are active: dev
2021-03-21 16:25:05.879  INFO 3360 --- [main] .s.d.r.c.RepositoryConfigurationDelegate : Multiple Spring Data modules found, entering strict repository configuration mode!
2021-03-21 16:25:05.886  INFO 3360 --- [main] .s.d.r.c.RepositoryConfigurationDelegate : Bootstrapping Spring Data Redis repositories in DEFAULT mode.
2021-03-21 16:25:05.958  INFO 3360 --- [main] .s.d.r.c.RepositoryConfigurationDelegate : Finished Spring Data repository scanning in 43ms. Found 0 Redis repository interfaces.
2021-03-21 16:25:06.380  INFO 3360 --- [main] o.s.cloud.context.scope.GenericScope     : BeanFactory id=a2634ea2-c69c-3802-80cc-a844c7edc35e
2021-03-21 16:25:06.572  INFO 3360 --- [main] trationDelegate$BeanPostProcessorChecker : Bean 'org.springframework.security.access.expression.method.DefaultMethodSecurityExpressionHandler@7dcb42a9' of type [org.springframework.security.oauth2.provider.expression.OAuth2MethodSecurityExpressionHandler] is not eligible for getting processed by all BeanPostProcessors (for example: not eligible for auto-proxying)
2021-03-21 16:25:06.583  INFO 3360 --- [main] trationDelegate$BeanPostProcessorChecker : Bean 'methodSecurityMetadataSource' of type [org.springframework.security.access.method.DelegatingMethodSecurityMetadataSource] is not eligible for getting processed by all BeanPostProcessors (for example: not eligible for auto-proxying)
2021-03-21 16:25:07.002  INFO 3360 --- [main] o.s.b.w.embedded.tomcat.TomcatWebServer  : Tomcat initialized with port(s): 8088 (http)
2021-03-21 16:25:07.018  INFO 3360 --- [main] o.apache.catalina.core.StandardService   : Starting service [Tomcat]
2021-03-21 16:25:07.018  INFO 3360 --- [main] org.apache.catalina.core.StandardEngine  : Starting Servlet engine: [Apache Tomcat/9.0.39]
2021-03-21 16:25:07.020  INFO 3360 --- [main] o.a.catalina.core.AprLifecycleListener   : Loaded Apache Tomcat Native library [1.2.24] using APR version [1.7.0].
2021-03-21 16:25:07.021  INFO 3360 --- [main] o.a.catalina.core.AprLifecycleListener   : APR capabilities: IPv6 [true], sendfile [true], accept filters [false], random [true].
2021-03-21 16:25:07.021  INFO 3360 --- [main] o.a.catalina.core.AprLifecycleListener   : APR/OpenSSL configuration: useAprConnector [false], useOpenSSL [true]
2021-03-21 16:25:07.026  INFO 3360 --- [main] o.a.catalina.core.AprLifecycleListener   : OpenSSL successfully initialized [OpenSSL 1.1.1g  21 Apr 2020]
2021-03-21 16:25:07.257  INFO 3360 --- [main] o.a.c.c.C.[Tomcat].[localhost].[/]       : Initializing Spring embedded WebApplicationContext
2021-03-21 16:25:07.257  INFO 3360 --- [main] w.s.c.ServletWebServerApplicationContext : Root WebApplicationContext: initialization completed in 2815 ms
2021-03-21 16:25:08.167  INFO 3360 --- [main] c.a.d.s.b.a.DruidDataSourceAutoConfigure : Init DruidDataSource
2021-03-21 16:25:08.801  INFO 3360 --- [main] com.alibaba.druid.pool.DruidDataSource   : {dataSource-1} inited
2021-03-21 16:25:11.537  INFO 3360 --- [main] o.s.s.web.DefaultSecurityFilterChain     : Creating filter chain: Ant [pattern='/swagger-resources/**', GET], []
2021-03-21 16:25:11.537  INFO 3360 --- [main] o.s.s.web.DefaultSecurityFilterChain     : Creating filter chain: Ant [pattern='/PearAdmin/**', GET], []
2021-03-21 16:25:11.538  INFO 3360 --- [main] o.s.s.web.DefaultSecurityFilterChain     : Creating filter chain: Ant [pattern='/component/**', GET], []
2021-03-21 16:25:11.538  INFO 3360 --- [main] o.s.s.web.DefaultSecurityFilterChain     : Creating filter chain: Ant [pattern='/admin/**', GET], []
2021-03-21 16:25:11.538  INFO 3360 --- [main] o.s.s.web.DefaultSecurityFilterChain     : Creating filter chain: Ant [pattern='/static/**', GET], []
2021-03-21 16:25:11.538  INFO 3360 --- [main] o.s.s.web.DefaultSecurityFilterChain     : Creating filter chain: Ant [pattern='/templates/**', GET], []
2021-03-21 16:25:11.538  INFO 3360 --- [main] o.s.s.web.DefaultSecurityFilterChain     : Creating filter chain: Ant [pattern='/**/*.html', GET], []
2021-03-21 16:25:11.538  INFO 3360 --- [main] o.s.s.web.DefaultSecurityFilterChain     : Creating filter chain: Ant [pattern='/**/*.css', GET], []
2021-03-21 16:25:11.538  INFO 3360 --- [main] o.s.s.web.DefaultSecurityFilterChain     : Creating filter chain: Ant [pattern='/**/*.js', GET], []
2021-03-21 16:25:11.538  INFO 3360 --- [main] o.s.s.web.DefaultSecurityFilterChain     : Creating filter chain: Ant [pattern='/swagger-ui.html', GET], []
2021-03-21 16:25:11.538  INFO 3360 --- [main] o.s.s.web.DefaultSecurityFilterChain     : Creating filter chain: Ant [pattern='/webjars/**', GET], []
2021-03-21 16:25:11.539  INFO 3360 --- [main] o.s.s.web.DefaultSecurityFilterChain     : Creating filter chain: Ant [pattern='/v2/**', GET], []
2021-03-21 16:25:11.539  INFO 3360 --- [main] o.s.s.web.DefaultSecurityFilterChain     : Creating filter chain: Ant [pattern='/druid/**', GET], []
2021-03-21 16:25:11.539  INFO 3360 --- [main] o.s.s.web.DefaultSecurityFilterChain     : Creating filter chain: Ant [pattern='/test/**', GET], []
2021-03-21 16:25:11.610  INFO 3360 --- [main] o.s.s.web.DefaultSecurityFilterChain     : Creating filter chain: OrRequestMatcher [requestMatchers=[Ant [pattern='/oauth/token'], Ant [pattern='/oauth/token_key'], Ant [pattern='/oauth/check_token']]], [org.springframework.security.web.context.request.async.WebAsyncManagerIntegrationFilter@602a3237, org.springframework.security.web.context.SecurityContextPersistenceFilter@7e9a836, org.springframework.security.web.header.HeaderWriterFilter@a6fc1bc, org.springframework.security.web.authentication.logout.LogoutFilter@12a0d249, org.springframework.security.web.authentication.www.BasicAuthenticationFilter@6eded11a, org.springframework.security.web.savedrequest.RequestCacheAwareFilter@75aa7703, org.springframework.security.web.servletapi.SecurityContextHolderAwareRequestFilter@543ac221, org.springframework.security.web.authentication.AnonymousAuthenticationFilter@4b511e61, org.springframework.security.web.session.SessionManagementFilter@360a3106, org.springframework.security.web.access.ExceptionTranslationFilter@44a44a04, org.springframework.security.web.access.intercept.FilterSecurityInterceptor@4efe014f]
2021-03-21 16:25:11.635  INFO 3360 --- [main] o.s.s.web.DefaultSecurityFilterChain     : Creating filter chain: any request, [org.springframework.security.web.context.request.async.WebAsyncManagerIntegrationFilter@399c408c, org.springframework.security.web.context.SecurityContextPersistenceFilter@5c7c75fb, org.springframework.security.web.header.HeaderWriterFilter@4efed0e0, org.springframework.security.web.authentication.logout.LogoutFilter@3856d0cb, org.springframework.security.web.authentication.UsernamePasswordAuthenticationFilter@1c8e2850, org.springframework.security.web.authentication.www.BasicAuthenticationFilter@50ac1249, org.springframework.security.web.savedrequest.RequestCacheAwareFilter@729d6ee2, org.springframework.security.web.servletapi.SecurityContextHolderAwareRequestFilter@4adcc981, org.springframework.security.web.authentication.rememberme.RememberMeAuthenticationFilter@543d2ef3, org.springframework.security.web.authentication.AnonymousAuthenticationFilter@99223ac, org.springframework.security.web.session.SessionManagementFilter@4ac0ed65, org.springframework.security.web.access.ExceptionTranslationFilter@2759749, org.springframework.security.web.access.intercept.FilterSecurityInterceptor@45cb5307]
2021-03-21 16:25:11.823  INFO 3360 --- [main] o.s.s.concurrent.ThreadPoolTaskExecutor  : Initializing ExecutorService 'applicationTaskExecutor'
2021-03-21 16:25:11.926  INFO 3360 --- [main] o.s.b.a.w.s.WelcomePageHandlerMapping    : Adding welcome page template: index
2021-03-21 16:25:13.277  WARN 3360 --- [main] s.o.SpringCloudSecurityAutoConfiguration : All Spring Cloud Security modules and starters are deprecated. They will be moved to individual projects in the next major release.
2021-03-21 16:25:13.287  INFO 3360 --- [main] o.s.b.a.e.web.EndpointLinksResolver      : Exposing 2 endpoint(s) beneath base path '/actuator'
2021-03-21 16:25:13.564  INFO 3360 --- [main] o.s.b.w.embedded.tomcat.TomcatWebServer  : Tomcat started on port(s): 8088 (http) with context path ''
2021-03-21 16:25:13.756  INFO 3360 --- [http-nio-8088-exec-1] o.a.c.c.C.[Tomcat].[localhost].[/]       : Initializing Spring DispatcherServlet 'dispatcherServlet'
2021-03-21 16:25:13.756  INFO 3360 --- [http-nio-8088-exec-1] o.s.web.servlet.DispatcherServlet        : Initializing Servlet 'dispatcherServlet'
2021-03-21 16:25:13.771  INFO 3360 --- [http-nio-8088-exec-1] o.s.web.servlet.DispatcherServlet        : Completed initialization in 15 ms
2021-03-21 16:25:13.836  INFO 3360 --- [http-nio-8088-exec-1] c.s.s.F.JwtAuthenticationTokenFilter     : 过滤器
2021-03-21 16:25:13.836  INFO 3360 --- [http-nio-8088-exec-1] c.s.s.F.JwtAuthenticationTokenFilter     : 当前URL：/captcha
2021-03-21 16:25:13.836  INFO 3360 --- [http-nio-8088-exec-1] c.s.s.F.JwtAuthenticationTokenFilter     : 请求地址：127.0.0.1
2021-03-21 16:25:13.836  INFO 3360 --- [http-nio-8088-exec-1] c.s.s.F.JwtAuthenticationTokenFilter     : 请求方法：GET
2021-03-21 16:25:13.837  INFO 3360 --- [http-nio-8088-exec-1] c.s.s.F.JwtAuthenticationTokenFilter     : 当前拦截器权限org.springframework.security.web.authentication.WebAuthenticationDetails@957e: RemoteIpAddress: 127.0.0.1; SessionId: null
2021-03-21 16:25:14.452  INFO 3360 --- [main] com.smart.sec.SecurityExample01App       : Started SecurityExample01App in 12.938 seconds (JVM running for 15.428)
2021-03-21 16:25:14.722  INFO 3360 --- [http-nio-8088-exec-3] c.s.s.F.JwtAuthenticationTokenFilter     : 过滤器
2021-03-21 16:25:14.722  INFO 3360 --- [http-nio-8088-exec-3] c.s.s.F.JwtAuthenticationTokenFilter     : 当前URL：/captcha
2021-03-21 16:25:14.722  INFO 3360 --- [http-nio-8088-exec-3] c.s.s.F.JwtAuthenticationTokenFilter     : 请求地址：127.0.0.1
2021-03-21 16:25:14.722  INFO 3360 --- [http-nio-8088-exec-3] c.s.s.F.JwtAuthenticationTokenFilter     : 请求方法：GET
2021-03-21 16:25:14.722  INFO 3360 --- [http-nio-8088-exec-3] c.s.s.F.JwtAuthenticationTokenFilter     : 当前拦截器权限org.springframework.security.web.authentication.WebAuthenticationDetails@1c07a: RemoteIpAddress: 127.0.0.1; SessionId: 44832AFEEE2B1DA0C283D026F91AF3EA
2021-03-21 16:25:15.780  INFO 3360 --- [boundedElastic-1] io.lettuce.core.EpollProvider            : Starting without optional epoll library
2021-03-21 16:25:15.783  INFO 3360 --- [boundedElastic-1] io.lettuce.core.KqueueProvider           : Starting without optional kqueue library
2021-03-21 16:25:15.799  INFO 3360 --- [http-nio-8088-exec-6] c.s.s.F.JwtAuthenticationTokenFilter     : 过滤器
2021-03-21 16:25:15.800  INFO 3360 --- [http-nio-8088-exec-6] c.s.s.F.JwtAuthenticationTokenFilter     : 当前URL：/captcha
2021-03-21 16:25:15.800  INFO 3360 --- [http-nio-8088-exec-6] c.s.s.F.JwtAuthenticationTokenFilter     : 请求地址：127.0.0.1
2021-03-21 16:25:15.800  INFO 3360 --- [http-nio-8088-exec-6] c.s.s.F.JwtAuthenticationTokenFilter     : 请求方法：GET
2021-03-21 16:25:15.800  INFO 3360 --- [http-nio-8088-exec-6] c.s.s.F.JwtAuthenticationTokenFilter     : 当前拦截器权限org.springframework.security.web.authentication.WebAuthenticationDetails@1c07a: RemoteIpAddress: 127.0.0.1; SessionId: 44832AFEEE2B1DA0C283D026F91AF3EA
2021-03-21 16:25:20.427  INFO 3360 --- [http-nio-8088-exec-7] c.s.s.s.i.CustomerUserDetailsServiceImpl : 当前用户权限[ADMIN, ADMIN, ADMIN, VIP, role:list, menu:list, SYSTEM, SQL, DOC, EX, 403, VIP, 500, user:add, user:edit, user:del, role:add, role:edit, role:del, menu:add, menu:edit, menu:del, log:list, errorLog:list, log:del, errorLog:del, dept:list, job:list, TOOL, TIME, job:add, job:edit, job:del, dept:add, dept:edit, dept:del, USER, CODE, TABLE, dict:list, dict:add, dict:edit, dict:del]
2021-03-21 16:25:20.555  INFO 3360 --- [http-nio-8088-exec-7] c.smart.sec.handler.LoginSuccessHandler  : 登陆成功
2021-03-21 16:25:21.323  INFO 3360 --- [http-nio-8088-exec-7] c.smart.sec.handler.LoginSuccessHandler  : 转换为token的用户name: admin
2021-03-21 16:25:22.578  INFO 3360 --- [http-nio-8088-exec-8] c.s.s.F.JwtAuthenticationTokenFilter     : 过滤器
2021-03-21 16:25:22.578  INFO 3360 --- [http-nio-8088-exec-8] c.s.s.F.JwtAuthenticationTokenFilter     : 当前URL：/
2021-03-21 16:25:22.579  INFO 3360 --- [http-nio-8088-exec-8] c.s.s.F.JwtAuthenticationTokenFilter     : 请求地址：127.0.0.1
2021-03-21 16:25:22.579  INFO 3360 --- [http-nio-8088-exec-8] c.s.s.F.JwtAuthenticationTokenFilter     : 请求方法：GET
2021-03-21 16:25:22.579  INFO 3360 --- [http-nio-8088-exec-8] c.s.s.F.JwtAuthenticationTokenFilter     : 当前拦截器权限org.springframework.security.web.authentication.WebAuthenticationDetails@0: RemoteIpAddress: 127.0.0.1; SessionId: 93F5DD68241822EC5E4FA0888F330FC6
2021-03-21 16:25:41.316  INFO 3360 --- [http-nio-8088-exec-1] c.s.s.F.JwtAuthenticationTokenFilter     : 过滤器
2021-03-21 16:25:41.317  INFO 3360 --- [http-nio-8088-exec-1] c.s.s.F.JwtAuthenticationTokenFilter     : 当前URL：/captcha
2021-03-21 16:25:41.318  INFO 3360 --- [http-nio-8088-exec-1] c.s.s.F.JwtAuthenticationTokenFilter     : 请求地址：127.0.0.1
2021-03-21 16:25:41.318  INFO 3360 --- [http-nio-8088-exec-1] c.s.s.F.JwtAuthenticationTokenFilter     : 请求方法：GET
2021-03-21 16:25:41.319  INFO 3360 --- [http-nio-8088-exec-1] c.s.s.F.JwtAuthenticationTokenFilter     : 当前拦截器权限org.springframework.security.web.authentication.WebAuthenticationDetails@0: RemoteIpAddress: 127.0.0.1; SessionId: 93F5DD68241822EC5E4FA0888F330FC6
2021-03-21 16:25:48.965  INFO 3360 --- [SpringContextShutdownHook] o.s.s.concurrent.ThreadPoolTaskExecutor  : Shutting down ExecutorService 'applicationTaskExecutor'
2021-03-21 16:25:49.150  INFO 3360 --- [SpringContextShutdownHook] com.alibaba.druid.pool.DruidDataSource   : {dataSource-1} closing ...
2021-03-21 16:25:49.171  INFO 3360 --- [SpringContextShutdownHook] com.alibaba.druid.pool.DruidDataSource   : {dataSource-1} closed
